

/******************************************************************************************
* ReadStepFile diagnostics.
* Date:                           Thu Jul 25 10:08:25 2019
* Produced by:                    The EXPRESS Data Manager Version 5.02.0100.07 : 28 Aug 2013
* Module:                         EDMstepFileFactory/EDMstandAlone
* Host:                           DESKTOP-VQHF39A
* Database:                       C:\Users\harik\AppData\Local\Temp\{87AA8F3C-2491-4917-BFA0-096A01384FC1}\ifc
* Database version:               5507
* Database creation date:         Thu Jul 25 10:08:24 2019
* Model to populate:              DataRepository.ifcimport
* Header model to populate:       
* Step file name:                 3D Produktmodell.ifc.ifc
* EDMuser:                        sdai-user
* EDMgroup:                       sdai-group
* License ID and type:            5605 : Permanent license. Expiry date: 
* EDMstepFileFactory options:     010201000002
******************************************************************************************/


------------------------------------------------------------------------------------------------
 Operation terminated successfully.
------------------------------------------------------------------------------------------------

