

/******************************************************************************************
* ReadStepFile diagnostics.
* Date:                           Thu Jul 25 09:53:48 2019
* Produced by:                    The EXPRESS Data Manager Version 5.02.0100.07 : 28 Aug 2013
* Module:                         EDMstepFileFactory/EDMstandAlone
* Host:                           DESKTOP-VQHF39A
* Database:                       C:\Users\harik\AppData\Local\Temp\{B93D14F1-976C-4E69-845B-C18B650BDDEE}\ifc
* Database version:               5507
* Database creation date:         Thu Jul 25 09:53:47 2019
* Model to populate:              DataRepository.ifcimport
* Header model to populate:       
* Step file name:                 3D Produktmodell.ifc
* EDMuser:                        sdai-user
* EDMgroup:                       sdai-group
* License ID and type:            5605 : Permanent license. Expiry date: 
* EDMstepFileFactory options:     010201000002
******************************************************************************************/


------------------------------------------------------------------------------------------------
 Operation terminated successfully.
------------------------------------------------------------------------------------------------

